<?xml version="1.0" encoding="UTF-8"?>
<testsuite xmlns:xsi="http://www.w3.org/2001/XMLSchema-instance" xsi:noNamespaceSchemaLocation="https://maven.apache.org/surefire/maven-surefire-plugin/xsd/surefire-test-report.xsd" version="3.0.2" name="com.senacpi.estetica.EsteticaApplicationTests" time="3.782" tests="1" errors="0" skipped="0" failures="0">
  <properties>
[...]
</properties>
  <testcase name="contextLoads" classname="com.senacpi.estetica.EsteticaApplicationTests" time="0.922">
    <system-out><![CDATA[16:31:34.316 [main] INFO org.springframework.test.context.support.AnnotationConfigContextLoaderUtils -- Could not detect default configuration classes for test class [com.senacpi.estetica.EsteticaApplicationTests]: EsteticaApplicationTests does not declare any static, non-private, non-final, nested classes annotated with @Configuration.
16:31:34.466 [main] INFO org.springframework.boot.test.context.SpringBootTestContextBootstrapper -- Found @SpringBootConfiguration com.senacpi.estetica.EsteticaApplication for test class com.senacpi.estetica.EsteticaApplicationTests

  .   ____          _            __ _ _
 /\\ / ___'_ __ _ _(_)_ __  __ _ \ \ \ \
( ( )\___ | '_ | '_| | '_ \/ _` | \ \ \ \
 \\/  ___)| |_)| | | | | || (_| |  ) ) ) )
  '  |____| .__|_| |_|_| |_\__, | / / / /
 =========|_|==============|___/=/_/_/_/

 :: Spring Boot ::                (v3.4.0)

2024-12-02T16:31:35.119-03:00  INFO 3116 --- [estetica] [           main] c.s.estetica.EsteticaApplicationTests    : Starting EsteticaApplicationTests using Java 17.0.8 with PID 3116 (started by crist in C:\Users\crist\OneDrive\Documentos\TI\PI\PI_Modulo3\estetica)
2024-12-02T16:31:35.121-03:00  INFO 3116 --- [estetica] [           main] c.s.estetica.EsteticaApplicationTests    : No active profile set, falling back to 1 default profile: "default"
2024-12-02T16:31:36.844-03:00  WARN 3116 --- [estetica] [           main] ion$DefaultTemplateResolverConfiguration : Cannot find template location: classpath:/templates/ (please add some templates, check your Thymeleaf configuration, or set spring.thymeleaf.check-template-location=false)
2024-12-02T16:31:36.963-03:00  INFO 3116 --- [estetica] [           main] c.s.estetica.EsteticaApplicationTests    : Started EsteticaApplicationTests in 2.228 seconds (process running for 3.517)
]]></system-out>
  </testcase>
</testsuite>